<?xml version="1.0" encoding="UTF-8"?>
<!-- Generated by org.testng.reporters.JUnitXMLReporter -->
<testsuite hostname="LAPTOP-PATGFM90" ignored="0" name="Default test" tests="4" failures="0" timestamp="25 May 2020 10:45:59 GMT" time="68.904" errors="0">
  <testcase name="testorder" time="56.703" classname="com.testcases.Orderactions"/>
  <testcase name="testHomepage" time="3.023" classname="com.testcases.Orderactions"/>
  <testcase name="checkCustomerServicedetails" time="3.976" classname="com.testcases.Orderactions"/>
  <testcase name="payAmazon" time="5.167" classname="com.testcases.Orderactions"/>
</testsuite> <!-- Default test -->
