<?xml version="1.0" encoding="UTF-8"?>
<testng-results skipped="0" failed="0" ignored="0" total="4" passed="4">
  <reporter-output>
  </reporter-output>
  <suite name="Default suite" duration-ms="68904" started-at="2020-05-25T10:44:50Z" finished-at="2020-05-25T10:45:59Z">
    <groups>
    </groups>
    <test name="Default test" duration-ms="68904" started-at="2020-05-25T10:44:50Z" finished-at="2020-05-25T10:45:59Z">
      <class name="com.testcases.Orderactions">
        <test-method status="PASS" signature="initialize()[pri:0, instance:com.testcases.Orderactions@1d2adfbe]" name="initialize" is-config="true" duration-ms="11037" started-at="2020-05-25T10:44:39Z" finished-at="2020-05-25T10:44:50Z">
          <reporter-output>
          </reporter-output>
        </test-method> <!-- initialize -->
        <test-method status="PASS" signature="testorder()[pri:1, instance:com.testcases.Orderactions@1d2adfbe]" name="testorder" duration-ms="56703" started-at="2020-05-25T10:44:50Z" finished-at="2020-05-25T10:45:46Z">
          <reporter-output>
          </reporter-output>
        </test-method> <!-- testorder -->
        <test-method status="PASS" signature="testHomepage()[pri:2, instance:com.testcases.Orderactions@1d2adfbe]" name="testHomepage" duration-ms="3023" started-at="2020-05-25T10:45:46Z" finished-at="2020-05-25T10:45:49Z">
          <reporter-output>
          </reporter-output>
        </test-method> <!-- testHomepage -->
        <test-method status="PASS" signature="checkCustomerServicedetails()[pri:3, instance:com.testcases.Orderactions@1d2adfbe]" name="checkCustomerServicedetails" duration-ms="3976" started-at="2020-05-25T10:45:49Z" finished-at="2020-05-25T10:45:53Z">
          <reporter-output>
          </reporter-output>
        </test-method> <!-- checkCustomerServicedetails -->
        <test-method status="PASS" signature="payAmazon()[pri:4, instance:com.testcases.Orderactions@1d2adfbe]" name="payAmazon" duration-ms="5167" started-at="2020-05-25T10:45:53Z" finished-at="2020-05-25T10:45:59Z">
          <reporter-output>
          </reporter-output>
        </test-method> <!-- payAmazon -->
      </class> <!-- com.testcases.Orderactions -->
    </test> <!-- Default test -->
  </suite> <!-- Default suite -->
</testng-results>
